<?xml version="1.0" encoding="UTF-8"?>
<!-- Generated by org.testng.reporters.JUnitReportReporter -->
<testsuite hostname="MinisPC" failures="0" tests="8" name="com.Scenario1.HrmLogic" time="0.079" errors="0" timestamp="2024-12-19T21:26:43 IST" skipped="0">
  <testcase classname="com.Scenario1.HrmLogic" name="testLogin" time="0.006"/>
  <testcase classname="com.Scenario1.HrmLogic" name="testLogin" time="0.005"/>
  <testcase classname="com.Scenario1.HrmLogic" name="testLogin" time="0.006"/>
  <testcase classname="com.Scenario1.HrmLogic" name="testLogin" time="0.006"/>
  <testcase classname="com.Scenario1.HrmLogic" name="testLogin" time="0.017"/>
  <testcase classname="com.Scenario1.HrmLogic" name="testLogin" time="0.009"/>
  <testcase classname="com.Scenario1.HrmLogic" name="testLogin" time="0.004"/>
  <testcase classname="com.Scenario1.HrmLogic" name="testLogin" time="0.026"/>
</testsuite> <!-- com.Scenario1.HrmLogic -->
