<?xml version="1.0" encoding="UTF-8"?>
<!-- Generated by org.testng.reporters.JUnitReportReporter -->
<testsuite hostname="MinisPC" failures="0" tests="6" name="com.Scenario2.TestCase" time="78.604" errors="0" timestamp="2024-12-20T14:54:00 IST" skipped="0">
  <testcase classname="com.Scenario2.TestCase" name="testValidLogin" time="4.746"/>
  <testcase classname="com.Scenario2.TestCase" name="testLeftMenuOptionsCount" time="1.834"/>
  <testcase classname="com.Scenario2.TestCase" name="searchByUsername" time="2.019"/>
  <testcase classname="com.Scenario2.TestCase" name="searchByUserRole" time="23.149"/>
  <testcase classname="com.Scenario2.TestCase" name="searchByEnabledStatus" time="23.106"/>
  <testcase classname="com.Scenario2.TestCase" name="searchByDisabledStatus" time="23.750"/>
</testsuite> <!-- com.Scenario2.TestCase -->
