<?xml version="1.0" encoding="UTF-8"?>
<!-- Generated by org.testng.reporters.JUnitReportReporter -->
<testsuite hostname="MinisPC" failures="0" tests="1" name="com.Scenario2.DropDownTestCase" time="21.481" errors="0" timestamp="2024-12-20T13:44:30 IST" skipped="0">
  <testcase classname="com.Scenario2.DropDownTestCase" name="testDropdown" time="21.481"/>
</testsuite> <!-- com.Scenario2.DropDownTestCase -->
