<?xml version="1.0" encoding="UTF-8"?>
<!-- Generated by org.testng.reporters.JUnitReportReporter -->
<testsuite hostname="MinisPC" failures="0" tests="1" name="com.Scenario1.ReadDataFromExcel" time="1.692" errors="0" timestamp="2024-12-19T20:17:34 IST" skipped="0">
  <testcase classname="com.Scenario1.ReadDataFromExcel" name="testReadFile" time="1.692"/>
</testsuite> <!-- com.Scenario1.ReadDataFromExcel -->
