<?xml version="1.0" encoding="UTF-8"?>
<!-- Generated by org.testng.reporters.JUnitReportReporter -->
<testsuite hostname="MinisPC" failures="0" tests="1" name="com.Scenario2.Dropdown" time="12.421" errors="0" timestamp="2024-12-20T14:32:12 IST" skipped="0">
  <testcase classname="com.Scenario2.Dropdown" name="testDropdown" time="12.421"/>
</testsuite> <!-- com.Scenario2.Dropdown -->
